<?xml version="1.0" encoding="UTF-8"?>
<testsuite xmlns:xsi="http://www.w3.org/2001/XMLSchema-instance" xsi:noNamespaceSchemaLocation="https://maven.apache.org/surefire/maven-surefire-plugin/xsd/surefire-test-report-3.0.xsd" version="3.0" name="ch.yourname.CalculatorTest" time="0.126" tests="5" errors="0" skipped="0" failures="0">
  <properties>
[...]
</properties>
  <testcase name="testDivideByZero" classname="ch.yourname.CalculatorTest" time="0.056"/>
  <testcase name="testAdd" classname="ch.yourname.CalculatorTest" time="0.003"/>
  <testcase name="testSubtract" classname="ch.yourname.CalculatorTest" time="0.002"/>
  <testcase name="testDivide" classname="ch.yourname.CalculatorTest" time="0.001"/>
  <testcase name="testMultiply" classname="ch.yourname.CalculatorTest" time="0.001"/>
</testsuite>